<?xml version="1.0" encoding="UTF-8"?>
<!-- Generated by org.testng.reporters.JUnitReportReporter -->
<testsuite hostname="DESKTOP-5EVK54D" failures="0" tests="2" name="runner.CampaignRunner" time="0.491" errors="0" timestamp="2023-06-12T08:29:49 IST" skipped="0">
  <testcase classname="runner.CampaignRunner" name="runScenario" time="0.162"/>
  <system-out/>
  <testcase classname="runner.CampaignRunner" name="runScenario" time="0.329"/>
  <system-out/>
</testsuite> <!-- runner.CampaignRunner -->
