<?xml version="1.0" encoding="UTF-8"?>
<!-- Generated by org.testng.reporters.JUnitReportReporter -->
<testsuite hostname="DESKTOP-5EVK54D" failures="0" tests="1" name="runner.RegistrationRunner" time="0.383" errors="0" timestamp="2023-06-08T08:18:55 IST" skipped="0">
  <testcase classname="runner.RegistrationRunner" name="runScenario" time="0.383"/>
  <system-out/>
</testsuite> <!-- runner.RegistrationRunner -->
