<?xml version="1.0" encoding="UTF-8"?>
<!-- Generated by org.testng.reporters.JUnitReportReporter -->
<testsuite hostname="DESKTOP-5EVK54D" failures="0" tests="7" name="runner.OrdersRunner" time="0.750" errors="0" timestamp="2023-06-09T05:56:58 IST" skipped="0">
  <testcase classname="runner.OrdersRunner" name="runScenario" time="0.061"/>
  <system-out/>
  <testcase classname="runner.OrdersRunner" name="runScenario" time="0.046"/>
  <system-out/>
  <testcase classname="runner.OrdersRunner" name="runScenario" time="0.093"/>
  <system-out/>
  <testcase classname="runner.OrdersRunner" name="runScenario" time="0.370"/>
  <system-out/>
  <testcase classname="runner.OrdersRunner" name="runScenario" time="0.051"/>
  <system-out/>
  <testcase classname="runner.OrdersRunner" name="runScenario" time="0.054"/>
  <system-out/>
  <testcase classname="runner.OrdersRunner" name="runScenario" time="0.075"/>
  <system-out/>
</testsuite> <!-- runner.OrdersRunner -->
