<?xml version="1.0" encoding="UTF-8"?>
<!-- Generated by org.testng.reporters.JUnitReportReporter -->
<testsuite hostname="DESKTOP-5EVK54D" failures="0" tests="3" name="runner.BackgroundScenarioOutlineRunner" time="0.571" errors="0" timestamp="2023-06-09T07:42:33 IST" skipped="0">
  <testcase classname="runner.BackgroundScenarioOutlineRunner" name="runScenario" time="0.107"/>
  <system-out/>
  <testcase classname="runner.BackgroundScenarioOutlineRunner" name="runScenario" time="0.384"/>
  <system-out/>
  <testcase classname="runner.BackgroundScenarioOutlineRunner" name="runScenario" time="0.080"/>
  <system-out/>
</testsuite> <!-- runner.BackgroundScenarioOutlineRunner -->
