<?xml version="1.0" encoding="UTF-8"?>
<!-- Generated by org.testng.reporters.JUnitReportReporter -->
<testsuite hostname="DESKTOP-5EVK54D" failures="0" tests="2" name="runner.LoginRunner" time="0.305" errors="0" timestamp="2023-06-05T08:05:16 IST" skipped="0">
  <testcase classname="runner.LoginRunner" name="runScenario" time="0.258"/>
  <system-out/>
  <testcase classname="runner.LoginRunner" name="runScenario" time="0.047"/>
  <system-out/>
</testsuite> <!-- runner.LoginRunner -->
