<?xml version="1.0" encoding="UTF-8"?>
<!-- Generated by org.testng.reporters.JUnitReportReporter -->
<testsuite hostname="DESKTOP-5EVK54D" failures="0" tests="3" name="runner.OrdersRunner" time="0.466" errors="0" timestamp="2023-06-07T07:44:51 IST" skipped="0">
  <testcase classname="runner.OrdersRunner" name="runScenario" time="0.323"/>
  <system-out/>
  <testcase classname="runner.OrdersRunner" name="runScenario" time="0.065"/>
  <system-out/>
  <testcase classname="runner.OrdersRunner" name="runScenario" time="0.078"/>
  <system-out/>
</testsuite> <!-- runner.OrdersRunner -->
