<?xml version="1.0" encoding="UTF-8"?>
<!-- Generated by org.testng.reporters.JUnitReportReporter -->
<testsuite hostname="DESKTOP-5EVK54D" failures="0" tests="8" name="runner.OrdersRunner" time="0.493" errors="0" timestamp="2023-06-08T06:48:12 IST" skipped="0">
  <testcase classname="runner.OrdersRunner" name="runScenario" time="0.035"/>
  <system-out/>
  <testcase classname="runner.OrdersRunner" name="runScenario" time="0.052"/>
  <system-out/>
  <testcase classname="runner.OrdersRunner" name="runScenario" time="0.031"/>
  <system-out/>
  <testcase classname="runner.OrdersRunner" name="runScenario" time="0.222"/>
  <system-out/>
  <testcase classname="runner.OrdersRunner" name="runScenario" time="0.033"/>
  <system-out/>
  <testcase classname="runner.OrdersRunner" name="runScenario" time="0.047"/>
  <system-out/>
  <testcase classname="runner.OrdersRunner" name="runScenario" time="0.034"/>
  <system-out/>
  <testcase classname="runner.OrdersRunner" name="runScenario" time="0.039"/>
  <system-out/>
</testsuite> <!-- runner.OrdersRunner -->
