<?xml version="1.0" encoding="UTF-8"?>
<!-- Generated by org.testng.reporters.JUnitReportReporter -->
<testsuite hostname="DESKTOP-5EVK54D" failures="0" tests="1" name="appfeatures.AmazonRunnerTest" time="22.342" errors="0" timestamp="2023-06-20T07:57:17 IST" skipped="0">
  <testcase classname="appfeatures.AmazonRunnerTest" name="runScenario" time="22.342"/>
  <system-out/>
</testsuite> <!-- appfeatures.AmazonRunnerTest -->
