<?xml version="1.0" encoding="UTF-8"?>
<!-- Generated by org.testng.reporters.JUnitReportReporter -->
<testsuite hostname="DESKTOP-5EVK54D" failures="0" tests="4" name="runner.ScenarioOutlineRunner" time="0.516" errors="0" timestamp="2023-06-07T09:55:00 IST" skipped="0">
  <testcase classname="runner.ScenarioOutlineRunner" name="runScenario" time="0.088"/>
  <system-out/>
  <testcase classname="runner.ScenarioOutlineRunner" name="runScenario" time="0.038"/>
  <system-out/>
  <testcase classname="runner.ScenarioOutlineRunner" name="runScenario" time="0.107"/>
  <system-out/>
  <testcase classname="runner.ScenarioOutlineRunner" name="runScenario" time="0.283"/>
  <system-out/>
</testsuite> <!-- runner.ScenarioOutlineRunner -->
