<?xml version="1.0" encoding="UTF-8"?>
<!-- Generated by org.testng.reporters.JUnitReportReporter -->
<testsuite hostname="DESKTOP-5EVK54D" failures="0" tests="4" name="runner.ScenarioOutlineRunner" time="0.688" errors="0" timestamp="2023-06-08T07:23:07 IST" skipped="0">
  <testcase classname="runner.ScenarioOutlineRunner" name="runScenario" time="0.480"/>
  <system-out/>
  <testcase classname="runner.ScenarioOutlineRunner" name="runScenario" time="0.098"/>
  <system-out/>
  <testcase classname="runner.ScenarioOutlineRunner" name="runScenario" time="0.054"/>
  <system-out/>
  <testcase classname="runner.ScenarioOutlineRunner" name="runScenario" time="0.056"/>
  <system-out/>
</testsuite> <!-- runner.ScenarioOutlineRunner -->
