<?xml version="1.0" encoding="UTF-8"?>
<!-- Generated by org.testng.reporters.JUnitReportReporter -->
<testsuite hostname="DESKTOP-5EVK54D" failures="0" tests="5" name="appfeatures.AmazonRunnerTest" time="61.279" errors="0" timestamp="2023-06-19T07:41:15 IST" skipped="0">
  <testcase classname="appfeatures.AmazonRunnerTest" name="runScenario" time="19.399"/>
  <system-out/>
  <testcase classname="appfeatures.AmazonRunnerTest" name="runScenario" time="12.785"/>
  <system-out/>
  <testcase classname="appfeatures.AmazonRunnerTest" name="runScenario" time="11.836"/>
  <system-out/>
  <testcase classname="appfeatures.AmazonRunnerTest" name="runScenario" time="9.752"/>
  <system-out/>
  <testcase classname="appfeatures.AmazonRunnerTest" name="runScenario" time="7.507"/>
  <system-out/>
</testsuite> <!-- appfeatures.AmazonRunnerTest -->
